<?xml version="1.0" encoding="UTF-8"?>
<quiz>

  <question type="category">
    <category> <text>$course$/top/Test/test-cloze</text> </category>
    <info format="html"> <text></text> </info>
    <idnumber></idnumber>
  </question>


  <question type="cloze">
    <name> <text>Título de la pregunta 1</text> </name>
    <questiontext format="html">
      <text><![CDATA[
         <!-- Copyright © 2022 por Carlos Félix Pardo Martín -->
         <!-- Licencia Creative Commons Attribution-ShareAlike 4.0 https://creativecommons.org/licenses/by-sa/4.0/deed.es -->
         <strong>Encabezado</strong><br> Frase con respuesta 1 {1:SHORTANSWER:=1}<br> Frase con respuesta dos, tres o cuatro {1:SHORTANSWER:=dos~%100%tres~%100%cuatro}]]>
      </text>
    </questiontext>
    <generalfeedback format="html">
      <text></text>
    </generalfeedback>
    <penalty>0.3333333</penalty>
    <hidden>0</hidden>
    <idnumber></idnumber>
  </question>


  <question type="cloze">
    <name> <text>Título de la pregunta 2</text> </name>
    <questiontext format="html">
      <text><![CDATA[
         <!-- Copyright © 2022 por Carlos Félix Pardo Martín -->
         <!-- Licencia Creative Commons Attribution-ShareAlike 4.0 https://creativecommons.org/licenses/by-sa/4.0/deed.es -->
         <strong>Encabezado</strong><br> Otra {1:SHORTANSWER:=pregunta} más.]]>
      </text>
    </questiontext>
    <generalfeedback format="html">
      <text></text>
    </generalfeedback>
    <penalty>0.3333333</penalty>
    <hidden>0</hidden>
    <idnumber></idnumber>
  </question>


  <question type="cloze">
    <name> <text>Título de la pregunta 3</text> </name>
    <questiontext format="html">
      <text><![CDATA[
         <!-- Copyright © 2022 por Carlos Félix Pardo Martín -->
         <!-- Licencia Creative Commons Attribution-ShareAlike 4.0 https://creativecommons.org/licenses/by-sa/4.0/deed.es -->
         En total hay {1:SHORTANSWER:=tres} preguntas.]]>
      </text>
    </questiontext>
    <generalfeedback format="html">
      <text></text>
    </generalfeedback>
    <penalty>0.3333333</penalty>
    <hidden>0</hidden>
    <idnumber></idnumber>
  </question>



</quiz>